# JRE version: OpenJDK Runtime Environment (17.0.10) (build 17.0.10+0--11572160)
# Java VM: OpenJDK 64-Bit Server VM (17.0.10+0--11572160, mixed mode, tiered, compressed oops, compressed class ptrs, g1 gc, windows-amd64)
GC Precious Log:
 CPUs: 8 total, 8 available
 Memory: 7960M
 Large Page Support: Disabled
 NUMA Support: Disabled
 Compressed Oops: Enabled (32-bit)
 Heap Region Size: 1M
 Heap Min Capacity: 8M
 Heap Initial Capacity: 126M
 Heap Max Capacity: 2G
 Pre-touch: Disabled
 Parallel Workers: 8
 Concurrent Workers: 2
 Concurrent Refinement Workers: 8
 Periodic GC: Disabled
Heap:
 garbage-first heap   total 361472K, used 202249K [0x0000000080000000, 0x0000000100000000)
  region size 1024K, 11 young (11264K), 11 survivors (11264K)
 Metaspace       used 161936K, committed 163136K, reserved 1245184K
  class space    used 21066K, committed 21632K, reserved 1048576K
GC Heap History (20 events):
Event: 1707.403 GC heap after
{Heap after GC invocations=117 (full 0):
 garbage-first heap   total 361472K, used 174442K [0x0000000080000000, 0x0000000100000000)
  region size 1024K, 5 young (5120K), 5 survivors (5120K)
 Metaspace       used 154798K, committed 155968K, reserved 1245184K
  class space    used 20381K, committed 20928K, reserved 1048576K
}
Event: 1709.148 GC heap before
{Heap before GC invocations=118 (full 0):
 garbage-first heap   total 361472K, used 185706K [0x0000000080000000, 0x0000000100000000)
  region size 1024K, 17 young (17408K), 5 survivors (5120K)
 Metaspace       used 155164K, committed 156352K, reserved 1245184K
  class space    used 20438K, committed 20992K, reserved 1048576K
}
Event: 1709.196 GC heap after
{Heap after GC invocations=119 (full 0):
 garbage-first heap   total 361472K, used 175058K [0x0000000080000000, 0x0000000100000000)
  region size 1024K, 1 young (1024K), 1 survivors (1024K)
 Metaspace       used 155164K, committed 156352K, reserved 1245184K
  class space    used 20438K, committed 20992K, reserved 1048576K
}
Event: 1710.914 GC heap before
{Heap before GC invocations=119 (full 0):
 garbage-first heap   total 361472K, used 190418K [0x0000000080000000, 0x0000000100000000)
  region size 1024K, 17 young (17408K), 1 survivors (1024K)
 Metaspace       used 155285K, committed 156480K, reserved 1245184K
  class space    used 20456K, committed 21056K, reserved 1048576K
}
Event: 1710.932 GC heap after
{Heap after GC invocations=120 (full 0):
 garbage-first heap   total 361472K, used 166325K [0x0000000080000000, 0x0000000100000000)
  region size 1024K, 2 young (2048K), 2 survivors (2048K)
 Metaspace       used 155285K, committed 156480K, reserved 1245184K
  class space    used 20456K, committed 21056K, reserved 1048576K
}
Event: 1715.021 GC heap before
{Heap before GC invocations=120 (full 0):
 garbage-first heap   total 361472K, used 181685K [0x0000000080000000, 0x0000000100000000)
  region size 1024K, 17 young (17408K), 2 survivors (2048K)
 Metaspace       used 157557K, committed 158720K, reserved 1245184K
  class space    used 20730K, committed 21312K, reserved 1048576K
}
Event: 1715.040 GC heap after
{Heap after GC invocations=121 (full 0):
 garbage-first heap   total 361472K, used 163568K [0x0000000080000000, 0x0000000100000000)
  region size 1024K, 3 young (3072K), 3 survivors (3072K)
 Metaspace       used 157557K, committed 158720K, reserved 1245184K
  class space    used 20730K, committed 21312K, reserved 1048576K
}
Event: 1723.712 GC heap before
{Heap before GC invocations=121 (full 0):
 garbage-first heap   total 361472K, used 200432K [0x0000000080000000, 0x0000000100000000)
  region size 1024K, 41 young (41984K), 3 survivors (3072K)
 Metaspace       used 157880K, committed 159104K, reserved 1245184K
  class space    used 20730K, committed 21312K, reserved 1048576K
}
Event: 1723.805 GC heap after
{Heap after GC invocations=122 (full 0):
 garbage-first heap   total 361472K, used 174504K [0x0000000080000000, 0x0000000100000000)
  region size 1024K, 13 young (13312K), 13 survivors (13312K)
 Metaspace       used 157880K, committed 159104K, reserved 1245184K
  class space    used 20730K, committed 21312K, reserved 1048576K
}
Event: 1726.789 GC heap before
{Heap before GC invocations=123 (full 0):
 garbage-first heap   total 361472K, used 181672K [0x0000000080000000, 0x0000000100000000)
  region size 1024K, 17 young (17408K), 13 survivors (13312K)
 Metaspace       used 157880K, committed 159104K, reserved 1245184K
  class space    used 20730K, committed 21312K, reserved 1048576K
}
Event: 1726.831 GC heap after
{Heap after GC invocations=124 (full 0):
 garbage-first heap   total 361472K, used 178497K [0x0000000080000000, 0x0000000100000000)
  region size 1024K, 3 young (3072K), 3 survivors (3072K)
 Metaspace       used 157880K, committed 159104K, reserved 1245184K
  class space    used 20730K, committed 21312K, reserved 1048576K
}
Event: 1728.384 GC heap before
{Heap before GC invocations=124 (full 0):
 garbage-first heap   total 361472K, used 192833K [0x0000000080000000, 0x0000000100000000)
  region size 1024K, 17 young (17408K), 3 survivors (3072K)
 Metaspace       used 157904K, committed 159104K, reserved 1245184K
  class space    used 20730K, committed 21312K, reserved 1048576K
}
Event: 1728.441 GC heap after
{Heap after GC invocations=125 (full 0):
 garbage-first heap   total 361472K, used 183998K [0x0000000080000000, 0x0000000100000000)
  region size 1024K, 3 young (3072K), 3 survivors (3072K)
 Metaspace       used 157904K, committed 159104K, reserved 1245184K
  class space    used 20730K, committed 21312K, reserved 1048576K
}
Event: 1732.540 GC heap before
{Heap before GC invocations=125 (full 0):
 garbage-first heap   total 361472K, used 198334K [0x0000000080000000, 0x0000000100000000)
  region size 1024K, 19 young (19456K), 3 survivors (3072K)
 Metaspace       used 158261K, committed 159424K, reserved 1245184K
  class space    used 20759K, committed 21312K, reserved 1048576K
}
Event: 1732.552 GC heap after
{Heap after GC invocations=126 (full 0):
 garbage-first heap   total 361472K, used 186953K [0x0000000080000000, 0x0000000100000000)
  region size 1024K, 6 young (6144K), 6 survivors (6144K)
 Metaspace       used 158261K, committed 159424K, reserved 1245184K
  class space    used 20759K, committed 21312K, reserved 1048576K
}
Event: 1744.137 GC heap before
{Heap before GC invocations=127 (full 0):
 garbage-first heap   total 361472K, used 253513K [0x0000000080000000, 0x0000000100000000)
  region size 1024K, 46 young (47104K), 6 survivors (6144K)
 Metaspace       used 158495K, committed 159744K, reserved 1245184K
  class space    used 20777K, committed 21376K, reserved 1048576K
}
Event: 1744.182 GC heap after
{Heap after GC invocations=128 (full 0):
 garbage-first heap   total 361472K, used 190352K [0x0000000080000000, 0x0000000100000000)
  region size 1024K, 6 young (6144K), 6 survivors (6144K)
 Metaspace       used 158495K, committed 159744K, reserved 1245184K
  class space    used 20777K, committed 21376K, reserved 1048576K
}
Event: 1745.999 GC heap before
{Heap before GC invocations=128 (full 0):
 garbage-first heap   total 361472K, used 201616K [0x0000000080000000, 0x0000000100000000)
  region size 1024K, 17 young (17408K), 6 survivors (6144K)
 Metaspace       used 158667K, committed 159872K, reserved 1245184K
  class space    used 20794K, committed 21376K, reserved 1048576K
}
Event: 1746.059 GC heap after
{Heap after GC invocations=129 (full 0):
 garbage-first heap   total 361472K, used 190769K [0x0000000080000000, 0x0000000100000000)
  region size 1024K, 3 young (3072K), 3 survivors (3072K)
 Metaspace       used 158667K, committed 159872K, reserved 1245184K
  class space    used 20794K, committed 21376K, reserved 1048576K
}
Event: 1747.885 GC heap before
{Heap before GC invocations=129 (full 0):
 garbage-first heap   total 361472K, used 274737K [0x0000000080000000, 0x0000000100000000)
  region size 1024K, 86 young (88064K), 3 survivors (3072K)
 Metaspace       used 161936K, committed 163136K, reserved 1245184K
  class space    used 21066K, committed 21632K, reserved 1048576K
}

